[debug] [2021-02-21T16:50:20.304Z] ----------------------------------------------------------------------
[debug] [2021-02-21T16:50:20.307Z] Command:       C:\Program Files\nodejs\node.exe C:\Users\Naim Ahmed Shuvo\AppData\Roaming\npm\node_modules\firebase-tools\lib\bin\firebase.js init
[debug] [2021-02-21T16:50:20.307Z] CLI Version:   9.4.0
[debug] [2021-02-21T16:50:20.307Z] Platform:      win32
[debug] [2021-02-21T16:50:20.308Z] Node Version:  v15.3.0
[debug] [2021-02-21T16:50:20.309Z] Time:          Sun Feb 21 2021 22:50:20 GMT+0600 (Bangladesh Standard Time)
[debug] [2021-02-21T16:50:20.309Z] ----------------------------------------------------------------------
[debug] [2021-02-21T16:50:20.310Z] 
[debug] [2021-02-21T16:50:20.318Z] > command requires scopes: ["email","openid","https://www.googleapis.com/auth/cloudplatformprojects.readonly","https://www.googleapis.com/auth/firebase","https://www.googleapis.com/auth/cloud-platform"]
[debug] [2021-02-21T16:50:20.319Z] > authorizing via signed-in user
[info] 
     ######## #### ########  ######## ########     ###     ######  ########
     ##        ##  ##     ## ##       ##     ##  ##   ##  ##       ##
     ######    ##  ########  ######   ########  #########  ######  ######
     ##        ##  ##    ##  ##       ##     ## ##     ##       ## ##
     ##       #### ##     ## ######## ########  ##     ##  ######  ########

You're about to initialize a Firebase project in this directory:

  F:\RichIt\ReactJs\youtube-clone

[info] 
=== Project Setup
[info] 
[info] First, let's associate this project directory with a Firebase project.
[info] You can create multiple project aliases by running firebase use --add, 
[info] but for now we'll just set up a default project.
[info] 
[debug] [2021-02-21T16:52:13.993Z] >>> [apiv2][query] GET https://firebase.googleapis.com/v1beta1/projects pageSize=100
[debug] [2021-02-21T16:52:15.610Z] <<< [apiv2][status] GET https://firebase.googleapis.com/v1beta1/projects 200
[debug] [2021-02-21T16:52:15.610Z] <<< [apiv2][body] GET https://firebase.googleapis.com/v1beta1/projects [omitted]
[info] i  Using project clone-9140c (youtube-clone) 
[info] 
=== Hosting Setup
[info] 
[info] Your public directory is the folder (relative to your project directory) that
[info] will contain Hosting assets to be uploaded with firebase deploy. If you
[info] have a build process for your assets, use your build's output directory.
[info] 
[debug] [2021-02-21T16:54:58.053Z] >>> [apiv2][query] GET https://www.gstatic.com/firebasejs/releases.json [none]
[debug] [2021-02-21T16:54:58.296Z] <<< [apiv2][status] GET https://www.gstatic.com/firebasejs/releases.json 200
[debug] [2021-02-21T16:54:58.296Z] <<< [apiv2][body] GET https://www.gstatic.com/firebasejs/releases.json {"current":{"version":"8.2.9","browserURL":"https://www.gstatic.com/firebasejs/8.2.9/firebase.js","packageURL":"https://www.gstatic.com/firebasejs/8.2.9/firebase.tgz"},"live":{"version":"8.2","browserURL":"https://www.gstatic.com/firebasejs/live/8.2/firebase.js","packageURL":"https://www.gstatic.com/firebasejs/live/8.2/firebase.tgz"},"components":{"analytics":"https://www.gstatic.com/firebasejs/8.2.9/firebase-analytics.js","app":"https://www.gstatic.com/firebasejs/8.2.9/firebase-app.js","auth":"https://www.gstatic.com/firebasejs/8.2.9/firebase-auth.js","database":"https://www.gstatic.com/firebasejs/8.2.9/firebase-database.js","firestore":"https://www.gstatic.com/firebasejs/8.2.9/firebase-firestore.js","functions":"https://www.gstatic.com/firebasejs/8.2.9/firebase-functions.js","installations":"https://www.gstatic.com/firebasejs/8.2.9/firebase-installations.js","messaging":"https://www.gstatic.com/firebasejs/8.2.9/firebase-messaging.js","storage":"https://www.gstatic.com/firebasejs/8.2.9/firebase-storage.js","performance":"https://www.gstatic.com/firebasejs/8.2.9/firebase-performance.js","remote-config":"https://www.gstatic.com/firebasejs/8.2.9/firebase-remote-config.js","firestore.memory":"https://www.gstatic.com/firebasejs/8.2.9/firebase-firestore.memory.js"}}
[info] +  Wrote build/index.html 
[info] 
[info] i  Detected a .git folder at F:\RichIt\ReactJs\youtube-clone 
[info] i  Authorizing with GitHub to upload your service account to a GitHub repository's secrets store. 
[info] 
[info] Visit this URL on this device to log in:
[info] https://github.com/login/oauth/authorize?client_id=89cf50f02ac6aaed3484&state=231171618&redirect_uri=http%3A%2F%2Flocalhost%3A9005&scope=read%3Auser%20repo%20public_repo
[info] 
[info] Waiting for authentication...
[debug] [2021-02-21T16:55:22.472Z] >>> HTTP REQUEST POST https://github.com/login/oauth/access_token  
 {"client_id":"89cf50f02ac6aaed3484","client_secret":"3330d14abc895d9a74d5f17cd7a00711fa2c5bf0","code":"35751c811a3505751326","redirect_uri":"http://localhost:9005","state":"231171618"}
[debug] [2021-02-21T16:55:25.154Z] <<< HTTP RESPONSE 200 {"server":"GitHub.com","date":"Sun, 21 Feb 2021 16:55:26 GMT","content-type":"application/json; charset=utf-8","vary":"X-PJAX, Accept-Encoding, Accept, X-Requested-With","etag":"W/\"3667420d48849f664368eaa16246aa5f\"","cache-control":"max-age=0, private, must-revalidate","strict-transport-security":"max-age=31536000; includeSubdomains; preload","x-frame-options":"deny","x-content-type-options":"nosniff","x-xss-protection":"1; mode=block","referrer-policy":"origin-when-cross-origin, strict-origin-when-cross-origin","expect-ct":"max-age=2592000, report-uri=\"https://api.github.com/_private/browser/errors\"","content-security-policy":"default-src 'none'; base-uri 'self'; block-all-mixed-content; connect-src 'self' uploads.github.com www.githubstatus.com collector.githubapp.com api.github.com github-cloud.s3.amazonaws.com github-production-repository-file-5c1aeb.s3.amazonaws.com github-production-upload-manifest-file-7fdce7.s3.amazonaws.com github-production-user-asset-6210df.s3.amazonaws.com cdn.optimizely.com logx.optimizely.com/v1/events wss://alive.github.com; font-src github.githubassets.com; form-action 'self' github.com gist.github.com; frame-ancestors 'none'; frame-src render.githubusercontent.com; img-src 'self' data: github.githubassets.com identicons.github.com collector.githubapp.com github-cloud.s3.amazonaws.com user-images.githubusercontent.com/ *.githubusercontent.com; manifest-src 'self'; media-src 'none'; script-src github.githubassets.com; style-src 'unsafe-inline' github.githubassets.com; worker-src github.com/socket-worker-5029ae85.js gist.github.com/socket-worker-5029ae85.js","x-github-request-id":"342F:3DFD:EA82DD:103419D:6032907D","transfer-encoding":"chunked"}
[debug] [2021-02-21T16:55:25.158Z] >>> [apiv2][query] GET https://api.github.com/user [none]
[debug] [2021-02-21T16:55:28.086Z] <<< [apiv2][status] GET https://api.github.com/user 200
[debug] [2021-02-21T16:55:28.086Z] <<< [apiv2][body] GET https://api.github.com/user {"login":"Naim-Ahmed-Shuvo","id":61267686,"node_id":"MDQ6VXNlcjYxMjY3Njg2","avatar_url":"https://avatars.githubusercontent.com/u/61267686?v=4","gravatar_id":"","url":"https://api.github.com/users/Naim-Ahmed-Shuvo","html_url":"https://github.com/Naim-Ahmed-Shuvo","followers_url":"https://api.github.com/users/Naim-Ahmed-Shuvo/followers","following_url":"https://api.github.com/users/Naim-Ahmed-Shuvo/following{/other_user}","gists_url":"https://api.github.com/users/Naim-Ahmed-Shuvo/gists{/gist_id}","starred_url":"https://api.github.com/users/Naim-Ahmed-Shuvo/starred{/owner}{/repo}","subscriptions_url":"https://api.github.com/users/Naim-Ahmed-Shuvo/subscriptions","organizations_url":"https://api.github.com/users/Naim-Ahmed-Shuvo/orgs","repos_url":"https://api.github.com/users/Naim-Ahmed-Shuvo/repos","events_url":"https://api.github.com/users/Naim-Ahmed-Shuvo/events{/privacy}","received_events_url":"https://api.github.com/users/Naim-Ahmed-Shuvo/received_events","type":"User","site_admin":false,"name":"Shuvo","company":null,"blog":"","location":null,"email":null,"hireable":null,"bio":null,"twitter_username":null,"public_repos":20,"public_gists":0,"followers":0,"following":0,"created_at":"2020-02-20T07:28:07Z","updated_at":"2021-02-21T16:55:23Z","private_gists":0,"total_private_repos":0,"owned_private_repos":0,"disk_usage":90570,"collaborators":0,"two_factor_authentication":false,"plan":{"name":"free","space":976562499,"collaborators":0,"private_repos":10000}}
[info] 
[info] +  Success! Logged into GitHub as Naim-Ahmed-Shuvo 
[info] 
[debug] [2021-02-21T17:00:42.182Z] >>> [apiv2][query] GET https://api.github.com/repos/firebase login/actions/secrets/public-key type=owner
[debug] [2021-02-21T17:00:42.888Z] <<< [apiv2][status] GET https://api.github.com/repos/firebase login/actions/secrets/public-key 404
[debug] [2021-02-21T17:00:42.888Z] <<< [apiv2][body] GET https://api.github.com/repos/firebase login/actions/secrets/public-key {"message":"Not Found","documentation_url":"https://docs.github.com/rest"}
[debug] [2021-02-21T17:00:42.980Z] >>> [apiv2][query] GET https://api.github.com/repos//actions/secrets/public-key type=owner
[debug] [2021-02-21T17:00:43.445Z] <<< [apiv2][status] GET https://api.github.com/repos//actions/secrets/public-key 404
[debug] [2021-02-21T17:00:43.446Z] <<< [apiv2][body] GET https://api.github.com/repos//actions/secrets/public-key {"message":"Not Found","documentation_url":"https://docs.github.com/rest"}
